Unity Player [version: Unity 5.3.5f1_960ebf59018a]

VsAI2.exe caused an Access Violation (0xc0000005)
  in module VsAI2.exe at 0023:00e8ea54.

Error occurred at 2016-07-23_100528.
C:\Users\Robert\_KEEP\Personal\Game Dev\ZingCard\ZingCardUnity\VsAI2.exe, run by Robert.
54% memory in use.
0 MB physical memory [3738 MB free].
0 MB paging file [0 MB free].
0 MB user address space [3510 MB free].
Read from location 00000078 caused an access violation.

Context:
EDI:    0x00b46080  ESI: 0x047e8e20  EAX:   0x00000000
EBX:    0x070f6cc0  ECX: 0x03c77a90  EDX:   0x00e8ea40
EIP:    0x00e8ea54  EBP: 0x0749ec20  SegCs: 0x00000023
EFlags: 0x00010297  ESP: 0x0749ec14  SegSs: 0x0000002b

Bytes at CS:EIP:
83 78 78 00 75 0d 83 b8 80 00 00 00 00 0f 84 ea 

Stack:
0x0749ec14: 00000000 00000780 00a67391 0749f9f4 .........s....I.
0x0749ec24: 00f06245 0000b400 00b46080 0429cf40 Eb.......`..@.).
0x0749ec34: 03c8b2f0 0749ec98 0749ec50 00000000 ......I.P.I.....
0x0749ec44: 00000000 777f47d3 0749ed0c 00000040 .....G.w..I.@...
0x0749ec54: 00000000 00000000 00000000 00000000 ................
0x0749ec64: 00000000 00000000 00000000 00000000 ................
0x0749ec74: 00000000 00000000 00000000 00000000 ................
0x0749ec84: 00000000 00000000 00000000 0749ed3c ............<.I.
0x0749ec94: 00000000 00140012 0749edb0 00000000 ..........I.....
0x0749eca4: 0749ed38 00000000 00000000 00000000 8.I.............
0x0749ecb4: 00000000 0749ed48 0049ed68 00020000 ....H.I.h.I.....
0x0749ecc4: 0749ecd8 0749ecd8 0749ecd8 00000002 ..I...I...I.....
0x0749ecd4: 00000002 00000000 e17b0afd 00000002 ..........{.....
0x0749ece4: 00000000 777f43e5 0749ed84 00000000 .....C.w..I.....
0x0749ecf4: 0000002c 0749f260 0749f268 777f4460 ,...`.I.h.I.`D.w
0x0749ed04: e17b0b15 00000002 00140012 0749edb0 ..{...........I.
0x0749ed14: 0749edac 00000000 00000000 00000000 ..I.............
0x0749ed24: 00000000 777f4460 00000000 00000000 ....`D.w........
0x0749ed34: 00000000 00000000 01d40000 00800000 ................
0x0749ed44: 0749edd0 0100000a 0749f268 000a0008 ..I.....h.I.....
0x0749ed54: 777b7df4 0749edcc 01d40bbc 01d40b90 .}{w..I.........
0x0749ed64: 01d40bbc 00200000 0749edb0 0749edb0 ...... ...I...I.
0x0749ed74: 0749edb0 01669490 00000001 00000000 ..I...f.........
0x0749ed84: 00000001 00000006 00000006 00000007 ................
0x0749ed94: 00000007 0830f348 00000001 00000007 ....H.0.........
0x0749eda4: 80000007 0830f364 00000001 00000007 ....d.0.........
0x0749edb4: 80000007 0830f380 00000001 00000007 ......0.........
0x0749edc4: 80000007 0830f388 00000001 00000070 ......0.....p...
0x0749edd4: 80000070 00000000 00000002 002e004c p...........L...
0x0749ede4: e17b0bf1 0749ee64 777f4c4a 0749eed8 ..{.d.I.JL.w..I.
0x0749edf4: 0749ee90 0749ee4c 0749ee58 777f4dca ..I.L.I.X.I..M.w
0x0749ee04: 00000000 00000000 0749ef4c 777f4cd4 ........L.I..L.w
0x0749ee14: 0749eeb0 0749ee6c 00000000 00000000 ..I.l.I.........
0x0749ee24: 00000000 019f1720 000007a0 00000000 .... ...........
0x0749ee34: 00000018 00000003 00000000 00000002 ................
0x0749ee44: 00000003 e17b0861 0749f158 0749f260 ....a.{.X.I.`.I.
0x0749ee54: 00000000 536cd652 00000000 0749ee48 ....R.lS....H.I.
0x0749ee64: 0749f100 0749f378 7782ed50 91b8cde9 ..I.x.I.P..w....
0x0749ee74: fffffffe 0749f100 777f3dc8 00000000 ......I..=.w....
0x0749ee84: 0749eec8 0749f144 01d82b70 777f3ddd ..I.D.I.p+...=.w
0x0749ee94: 00000000 0749f158 00000000 00000000 ....X.I.........
0x0749eea4: 0749f260 00010100 0749f150 0749f260 `.I.....P.I.`.I.
0x0749eeb4: 00000000 00000000 00000000 0749f260 ............`.I.
0x0749eec4: 01a76000 00000000 00000000 0749ef7c .`..........|.I.
0x0749eed4: 00000000 00000000 00000000 00000000 ................
0x0749eee4: 0749ef78 00000000 01a76000 00000000 x.I......`......
0x0749eef4: 00000000 001a0018 00da0b5c 00020000 ........\.......
0x0749ef04: 0749ef18 0749ef18 0749ef18 0749f9f0 ..I...I...I...I.
0x0749ef14: 7781436a 07490000 e17b093d 0749f09c jC.w..I.=.{...I.
0x0749ef24: 00000000 777f43e5 0749efc4 00000000 .....C.w..I.....
0x0749ef34: 777bbe80 777b0000 0017b000 00000047 ..{w..{w....G...
0x0749ef44: 7783b670 0749f080 00000000 00000004 p..w..I.........
0x0749ef54: 0008b670 07490000 00000000 00000000 p.....I.........
0x0749ef64: 00000000 7783b652 0749f030 0749f3bc ....R..w0.I...I.
0x0749ef74: 0749f080 0749efdc 0749f3bc 7783b6a0 ..I...I...I....w
0x0749ef84: 0749f3bc 0749f358 7783b624 0749f030 ..I.X.I.$..w0.I.
0x0749ef94: 0749f3bc 0749f080 0749efdc 7783b670 ..I...I...I.p..w
0x0749efa4: 0749f9f0 0749f030 0749f3bc 77814062 ..I.0.I...I.b@.w
0x0749efb4: 0749f030 7782700c 77814090 0749f080 0.I..p.w.@.w..I.
0x0749efc4: 00000000 01768830 00000000 0749f9f0 ....0.v.......I.
0x0749efd4: 0749e000 074a0000 00000000 00000000 ..I...J.........
0x0749efe4: 00000000 00000000 00000000 00000000 ................
0x0749eff4: 00000000 00000000 00000000 00000000 ................
0x0749f004: c0000225 00000000 00000000 00000000 %...............
0x0749f014: 00000000 00000000 00000000 01d82b70 ............p+..
0x0749f024: 00000000 00000000 00000000 c0000027 ............'...
0x0749f034: 00000002 00000000 00f57368 00000000 ........hs......
0x0749f044: 0749f07c 00000000 0749f07c 777f6388 |.I.....|.I..c.w
0x0749f054: 778bb444 0749f3b8 777fe553 01d82b70 D..w..I.S..wp+..
0x0749f064: 00000000 00000000 0749f088 777fe4d8 ..........I....w
0x0749f074: 778bb444 0749f3b8 00000000 00010007 D..w..I.........
0x0749f084: 00000000 0749f0a0 777fe458 0749f144 ......I.X..wD.I.
0x0749f094: 01d82b70 777f3858 00000009 0749f0f0 p+..X8.w......I.
0x0749f0a4: 777fe260 01d82b70 777fe286 e17b16e9 `..wp+.....w..{.
0x0749f0b4: 0749f144 01d82b70 00000001 00000000 D.I.p+..........
0x0749f0c4: 00000000 0749f158 0749f3c8 00000000 ....X.I...I.....
0x0749f0d4: 7782ed50 0749f0b0 fffffffe 0749f378 P..w..I.....x.I.
0x0749f0e4: 7782ed50 91b8c941 fffffffe 777fe286 P..wA..........w
0x0749f0f4: 777fe113 00000020 e17b1685 01d82b70 ...w .....{.p+..
0x0749f104: 0749f388 7783aa0e 777f002b e17b0053 ..I....w+..wS.{.
0x0749f114: 01d8002b 0000002b 00000000 00000000 +...+...........
0x0749f124: 00000000 00000000 00000000 00000000 ................
0x0749f134: 0749f380 00f57368 777f0023 00000202 ..I.hs..#..w....
0x0749f144: 0749f370 0749002b 01d82b70 00000020 p.I.+.I.p+.. ...
0x0749f154: 00000000 01000012 0749f160 0054004e ........`.I.N.T.
0x0749f164: 004c0044 002e004c 004c0044 0000004c D.L.L...D.L.L...
0x0749f174: 01d82b70 00000020 00000000 00000000 p+.. ...........
0x0749f184: 00000000 0054004e 004c0044 002e004c ....N.T.D.L.L...
0x0749f194: 004c0044 00000000 0749f1d4 00000000 D.L.......I.....
0x0749f1a4: 00000000 777f6388 01d82bac 536cd652 .....c.w.+..R.lS
0x0749f1b4: 01d82b70 fa8e3900 0749f1f4 00000000 p+...9....I.....
0x0749f1c4: 0749f1f4 777f6388 778bb444 0749f4a0 ..I..c.wD..w..I.
0x0749f1d4: 00000000 00000020 0749f214 00000000 .... .....I.....
0x0749f1e4: 00000000 778ba9f0 0749f370 0749f4c4 .......wp.I...I.
0x0749f1f4: 0749f33c 777f658a 00000020 0749f4a0 <.I..e.w .....I.
0x0749f204: 0749f368 0749f4a0 00000000 777f65b0 h.I...I......e.w
0x0749f214: 0749f35c 777f658a 03c63350 00000000 \.I..e.wP3......
0x0749f224: 00000000 00000000 00000000 00000000 ................
0x0749f234: 00000000 00000000 03c5f350 00000001 ........P.......
0x0749f244: 00000000 ffffffff 00000000 00000000 ................
0x0749f254: 00000000 00000000 00000000 00000000 ................
0x0749f264: 00000013 0000000d ffff0200 ffffff03 ................
0x0749f274: ffffffff ffffffff ffffffff ffffffff ................
0x0749f284: ffffffff 0000000d 0716f460 00000000 ........`.......
0x0749f294: 00000000 00000002 00007fcf 00000001 ................
0x0749f2a4: 03e0a7b0 0000003c 03e10d90 00000008 ....<...........
0x0749f2b4: 00020000 e17b14f5 008d0000 00000000 ......{.........
0x0749f2c4: 00000000 03ca0330 03ca02f0 00000000 ....0...........
0x0749f2d4: 00000000 00000000 00000000 042c0000 ..............,.
0x0749f2e4: 042c0230 00000000 00000000 00000000 0.,.............
0x0749f2f4: 00000000 0447d988 0447d9b4 00000000 ......G...G.....
0x0749f304: 00000000 00000000 086928d0 00000000 .........(i.....
0x0749f314: 00000002 00007fcf 000027a8 0749f380 .........'....I.
0x0749f324: 00f60bf0 144ae160 00000044 00001715 ....`.J.D.......
0x0749f334: 00001715 00000000 0749f9f0 00000000 ..........I.....
0x0749f344: 0749f3f0 77852688 0749f394 0749f4f8 ..I..&.w..I...I.
0x0749f354: e17b09cd 0749f380 00000001 0749f9f0 ..{...I.......I.
0x0749f364: 00f57370 03e6ce70 0749f9f0 00b46c7f ps..p.....I..l..
0x0749f374: 00000001 0749fa00 00401d80 005f497c ......I...@.|I_.
0x0749f384: 03e0abf0 005f54ec 00401d88 00401e24 .....T_...@.$.@.
0x0749f394: 00000000 00000090 003b9440 00000004 ........@.;.....
0x0749f3a4: 004107c4 7783b652 0749f4a8 0749f9f0 ..A.R..w..I...I.
0x0749f3b4: 005f547c 005f564c 0749f9f0 005f52f0 |T_.LV_...I..R_.
0x0749f3c4: 000006e4 00401ec4 7783b624 0749f4a8 ......@.$..w..I.
0x0749f3d4: 0749f9f0 00563198 0749f434 00f50bd8 ..I..1V.4.I.....
0x0749f3e4: 0749f9f0 0000008c 00000000 005f56d4 ..I..........V_.
0x0749f3f4: 0749f4a8 005f546c 00563188 0749f434 ..I.lT_..1V.4.I.
0x0749f404: 00401dac 00241948 03c8b2f0 0000007c ..@.H.$.....|...
0x0749f414: 005b8f64 00534534 005f55b4 005a62b0 d.[.4ES..U_..bZ.
0x0749f424: 005f5638 005b4cc0 00401f4c 005f586c 8V_..L[.L.@.lX_.
0x0749f434: 004107a8 00000024 004107b4 00000030 ..A.$.....A.0...
0x0749f444: 0749f490 0000001c 00000100 001c7630 ..I.........0v..
0x0749f454: 003b9410 001c7634 003b93e4 001c7628 ..;.4v....;.(v..
0x0749f464: 66cd0e2d 004107f8 00000000 00410810 -..f..A.......A.
0x0749f474: 0749f538 004107f0 01d82b70 003b9450 8.I...A.p+..P.;.
0x0749f484: 00000001 003b9460 0056318c 003b9448 ....`.;..1V.H.;.
0x0749f494: 77828e7f 0749f4a8 002a8c48 0749f4a8 ...w..I.H.*...I.
0x0749f4a4: 005f55b0 406d1388 005f5628 00059314 .U_...m@(V_.....
0x0749f4b4: 005b8f78 00059318 00001000 0005930c x.[.............
0x0749f4c4: 000036b4 00059308 005631a0 00401dcc .6.......1V...@.
0x0749f4d4: 005f5468 00401dd0 00283638 00401dc8 hT_...@.86(...@.
0x0749f4e4: 004c5524 005f5474 00000084 005f5478 $UL.tT_.....xT_.
0x0749f4f4: 0000009c 00401f50 00401ee4 00401f54 ....P.@...@.T.@.
0x0749f504: 005f5690 00401dd4 005f4bd8 00401dd8 .V_...@..K_...@.
0x0749f514: 00401f3c 00000002 0000ffff 00b45c10 <.@..........\..
0x0749f524: 005b8b48 0749f96c 005b5228 00000000 H.[.l.I.(R[.....
0x0749f534: 00000000 00000000 00000060 00000000 ........`.......
0x0749f544: 00000000 00000000 00410794 00000000 ..........A.....
0x0749f554: 00401e1c 00000000 005a62a8 00250758 ..@......bZ.X.%.
0x0749f564: 005a62e8 0025075c 005b4b08 00000000 .bZ.\.%..K[.....
0x0749f574: 005b4d7c e2f9c800 005b4d74 0729fd24 |M[.....tM[.$.).
0x0749f584: 005b8958 00000053 004107b0 00401d78 X.[.S.....A.x.@.
0x0749f594: 005f75a0 00401d7c 004107bc 00401db0 .u_.|.@...A...@.
0x0749f5a4: 005f75a8 00401db4 00401ef0 005a6390 .u_...@...@..cZ.
0x0749f5b4: 005f5484 005a63a4 0749f958 005a6350 .T_..cZ.X.I.PcZ.
0x0749f5c4: 0002027f 005a6390 005b2804 00000000 .....cZ..([.....
0x0749f5d4: 000007d4 00000000 00001f80 005f53fc .............S_.
0x0749f5e4: 00000000 005f5418 00000000 005f53f4 .....T_......S_.
0x0749f5f4: 00000000 005f53c0 00000000 004c53f0 .....S_......SL.
0x0749f604: 00000000 004c5410 00000000 004c53ec .....TL......SL.
0x0749f614: 00000000 00000000 00000000 00000000 ................
0x0749f624: 00000000 00412de8 00000000 00412e00 .....-A.......A.
0x0749f634: 00000000 00000000 00563190 00000000 .........1V.....
0x0749f644: 00000000 001c75c8 00000000 001c75cc .....u.......u..
0x0749f654: 002a8c28 001c7600 00003bf5 001c7604 (.*..v...;...v..
0x0749f664: 005f558c 00000000 005f5584 00000000 .U_......U_.....
0x0749f674: 005b8f74 00000000 005f5634 00000000 t.[.....4V_.....
0x0749f684: 005f55c4 00000000 005b8f84 00000000 .U_.......[.....
0x0749f694: 005f5644 00000000 00000000 00000000 DV_.............
0x0749f6a4: 00000000 00000000 005f5850 00000000 ........PX_.....
0x0749f6b4: 0056319c 00000000 00563194 00000000 .1V......1V.....
0x0749f6c4: 005f5464 00000000 005f54e8 00000000 dT_......T_.....
0x0749f6d4: 00283634 00000000 00000000 00000000 46(.............
0x0749f6e4: 004c5520 00000000 00000000 00000000  UL.............
0x0749f6f4: 00000080 00000000 00000088 00000000 ................
0x0749f704: 00000098 05a3002b 000000a0 05a4002b ....+.......+...
0x0749f714: 00000094 00b46080 00401ee8 03c8b2f0 .....`....@.....
0x0749f724: 005f5714 00000004 005f56d0 0749f9b4 .W_......V_...I.
0x0749f734: 005f568c 777e0023 005f4bdc 0749f958 .V_.#.~w.K_.X.I.
0x0749f744: 005f5470 05a41df8 00401f4c 00000000 pT_.....L.@.....
0x0749f754: 005f498c 03b30000 000007ff 00000000 .I_.............
0x0749f764: 005b8b24 000007ff 005f52ec 0000243d $.[......R_.=$..
0x0749f774: 005f53bc 0000243d 005b522c 0049f7b8 .S_.=$..,R[...I.
0x0749f784: 0024195c 777e8622 00000000 03b30000 \.$.".~w........
0x0749f794: 00000034 05a41e00 00000064 03b30000 4.......d.......
0x0749f7a4: 05a41e00 0749f918 00401ec0 00000001 ......I...@.....
0x0749f7b4: 00410790 000007ff 00410798 e17b1f01 ..A.......A...{.
0x0749f7c4: 00534538 00000448 00401e20 000002cc 8ES.H... .@.....
0x0749f7d4: 00401e58 00000140 005a62ac 00000000 X.@.@....bZ.....
0x0749f7e4: 005a62e4 00000000 005a62f8 03000201 .bZ......bZ.....
0x0749f7f4: 00000000 00000000 005b4b44 00000000 ........DK[.....
0x0749f804: 005b4d70 00000000 005b4d80 00000000 pM[......M[.....
0x0749f814: 00000000 00000000 005b4d78 00000000 ........xM[.....
0x0749f824: 003b9444 00000000 005b895c 00000000 D.;.....\.[.....
0x0749f834: 004107ac 00000000 004107c0 00000000 ..A.......A.....
0x0749f844: 004107c8 00000000 005f75a4 03b300c0 ..A......u_.....
0x0749f854: 004107b8 00000053 00000005 0000002b ..A.S.......+...
0x0749f864: 00000000 00000000 005f75ac 00000000 .........u_.....
0x0749f874: 00000000 00b46080 00401f38 77828f00 .....`..8.@....w
0x0749f884: 005f5480 00000000 00010020 0000002b .T_..... ...+...
0x0749f894: 0001027f 000007ff 01000000 00000000 ................
0x0749f8a4: 00000000 00000001 003b93e8 00000000 ..........;.....
0x0749f8b4: 005b27e0 05a41df8 000006c4 00000439 .'[.........9...
0x0749f8c4: 000007b4 00000002 003b93e0 05a41df8 ..........;.....
0x0749f8d4: 00000000 00000439 03000201 05a30088 ....9...........
0x0749f8e4: 00000000 004107b8 00000019 00000ee4 ......A.........
0x0749f8f4: 005a62e8 005f5480 005f52f0 00000024 .bZ..T_..R_.$...
0x0749f904: 00000000 001c7630 0056318c 004107f8 ....0v...1V...A.
0x0749f914: 00401e24 003b9450 777edecb 00010013 $.@.P.;...~w....
0x0749f924: 00010020 00059314 0749f950 0005930c  .......P.I.....
0x0749f934: 0000009c 00401dcc 00410794 00b46080 ......@...A..`..
0x0749f944: 005a62b0 005f53fc 004107c4 005f53f4 .bZ..S_...A..S_.
0x0749f954: 00401d88 004c53f0 00000000 00000000 ..@..SL.........
0x0749f964: 745bdae8 00000004 00001000 01674364 ..[t........dCg.
0x0749f974: 000036b4 00000000 005f558c 00000000 .6.......U_.....
0x0749f984: 00010013 00000000 00000064 00000013 ........d.......
0x0749f994: 00401e20 00f4f720 005a62ac 00000000  .@. ....bZ.....
0x0749f9a4: 005a62e4 00010000 004107ac 00f4f770 .bZ.......A.p...
0x0749f9b4: 0749fa00 00b46c77 00000058 00000058 ..I.wl..X...X...
0x0749f9c4: 000002a0 00000000 071da690 00000001 ................
0x0749f9d4: 00000000 00002420 00000000 00000001 .... $..........
0x0749f9e4: 0429cf40 00000100 0830f43c 00401f50 @.).....<.0.P.@.
0x0749f9f4: 0749fa0c 00f06bae 070f6cc0 0429cf40 ..I..k...l..@.).
0x0749fa04: 00f00727 03c8b2f0 0749fa24 00b460ad '.......$.I..`..
0x0749fa14: 0429cf40 03c8b2f0 00b46080 00b46080 @.)......`...`..
0x0749fa24: 0749fa38 776d38f4 03c8b2f0 776d38d0 8.I..8mw.....8mw
0x0749fa34: ec433da7 0749fa80 77815de3 03c8b2f0 .=C...I..].w....
0x0749fa44: e17b1c99 00000000 00000000 03c8b2f0 ..{.............
0x0749fa54: c0000005 7463f320 00000000 0749e624 .... .ct....$.I.
0x0749fa64: e17b1c99 0749fa44 0749e624 0749fa88 ..{.D.I.$.I...I.
0x0749fa74: 7782ed50 91b8d201 00000000 0749fa90 P..w..........I.
0x0749fa84: 77815dae ffffffff 7783b7b6 00000000 .].w.......w....
0x0749fa94: 00000000 00b46080 03c8b2f0 00000000 .....`..........
0x0749faa4: 00000000 00000000 00000000 00000000 ................
0x0749fab4: 00000000 00000000 00000000 00000000 ................
0x0749fac4: 00000000 00000000 00000000 00000000 ................
0x0749fad4: 00000000 00000000 00000000 00000000 ................
0x0749fae4: 00000000 00000000 00000000 00000000 ................
0x0749faf4: 00000000 00000000 00000000 00000000 ................
0x0749fb04: 00000000 00000000 00000000 00000000 ................
0x0749fb14: 00000000 00000000 00000000 00000000 ................
0x0749fb24: 00000000 00000000 00000000 00000000 ................
0x0749fb34: 00000000 00000000 00000000 00000000 ................
0x0749fb44: 00000000 00000000 00000000 00000000 ................
0x0749fb54: 00000000 00000000 00000000 00000000 ................
0x0749fb64: 00000000 00000000 00000000 00000000 ................
0x0749fb74: 00000000 00000000 00000000 00000000 ................
0x0749fb84: 00000000 00000000 00000000 00000000 ................
0x0749fb94: 00000000 00000000 00000000 00000000 ................
0x0749fba4: 00000000 00000000 00000000 00000000 ................
0x0749fbb4: 00000000 00000000 00000000 00000000 ................
0x0749fbc4: 00000000 00000000 00000000 00000000 ................
0x0749fbd4: 00000000 00000000 00000000 00000000 ................
0x0749fbe4: 00000000 00000000 00000000 00000000 ................
0x0749fbf4: 00000000 00000000 00000000 00000000 ................
0x0749fc04: 00000000 00000000 00000000 00000000 ................
0x0749fc14: 00000000 00000000 00000000 00000000 ................
0x0749fc24: 00000000 00000000 00000000 00000000 ................
0x0749fc34: 00000000 00000000 00000000 00000000 ................
0x0749fc44: 00000000 00000000 00000000 00000000 ................
0x0749fc54: 00000000 00000000 00000000 00000000 ................
0x0749fc64: 00000000 00000000 00000000 00000000 ................
0x0749fc74: 00000000 00000000 00000000 00000000 ................
0x0749fc84: 00000000 00000000 00000000 00000000 ................
0x0749fc94: 00000000 00000000 00000000 00000000 ................
0x0749fca4: 00000000 00000000 00000000 00000000 ................
0x0749fcb4: 00000000 00000000 00000000 00000000 ................
0x0749fcc4: 00000000 00000000 00000000 00000000 ................
0x0749fcd4: 00000000 00000000 00000000 00000000 ................
0x0749fce4: 00000000 00000000 00000000 00000000 ................
0x0749fcf4: 00000000 00000000 00000000 00000000 ................
0x0749fd04: 00000000 00000000 00000000 00000000 ................
0x0749fd14: 00000000 00000000 00000000 00000000 ................
0x0749fd24: 00000000 00000000 00000000 00000000 ................
0x0749fd34: 00000000 00000000 00000000 00000000 ................
0x0749fd44: 00000000 00000000 00000000 00000000 ................
0x0749fd54: 00000000 00000000 00000000 00000000 ................
0x0749fd64: 00000000 00000000 00000000 00000000 ................
0x0749fd74: 00000000 00000000 00000000 00000000 ................
0x0749fd84: 00000000 00000000 00000000 00000000 ................
0x0749fd94: 00000000 00000000 00000000 00000000 ................
0x0749fda4: 00000000 00000000 00000000 00000000 ................
0x0749fdb4: 00000000 00000000 00000000 00000000 ................
0x0749fdc4: 00000000 00000000 00000000 00000000 ................
0x0749fdd4: 00000000 00000000 00000000 00000000 ................
0x0749fde4: 00000000 00000000 00000000 00000000 ................
0x0749fdf4: 00000000 00000000 00000000 00000000 ................
0x0749fe04: 00000000 00000000 00000000 00000000 ................
0x0749fe14: 00000000 00000000 00000000 00000000 ................
0x0749fe24: 00000000 00000000 00000000 00000000 ................
0x0749fe34: 00000000 00000000 00000000 00000000 ................
0x0749fe44: 00000000 00000000 00000000 00000000 ................
0x0749fe54: 00000000 00000000 00000000 00000000 ................
0x0749fe64: 00000000 00000000 00000000 00000000 ................
0x0749fe74: 00000000 00000000 00000000 00000000 ................
0x0749fe84: 00000000 00000000 00000000 00000000 ................
0x0749fe94: 00000000 00000000 00000000 00000000 ................
0x0749fea4: 00000000 00000000 00000000 00000000 ................
0x0749feb4: 00000000 00000000 00000000 00000000 ................
0x0749fec4: 00000000 00000000 00000000 00000000 ................
0x0749fed4: 00000000 00000000 00000000 00000000 ................
0x0749fee4: 00000000 00000000 00000000 00000000 ................
0x0749fef4: 00000000 00000000 00000000 00000000 ................
0x0749ff04: 00000000 00000000 00000000 00000000 ................
0x0749ff14: 00000000 00000000 00000000 00000000 ................
0x0749ff24: 00000000 00000000 00000000 00000000 ................
0x0749ff34: 00000000 00000000 00000000 00000000 ................
0x0749ff44: 00000000 00000000 00000000 00000000 ................
0x0749ff54: 00000000 00000000 00000000 00000000 ................
0x0749ff64: 00000000 00000000 00000000 00000000 ................
0x0749ff74: 00000000 00000000 00000000 00000000 ................
0x0749ff84: 00000000 00000000 00000000 00000000 ................
0x0749ff94: 00000000 00000000 00000000 00000000 ................
0x0749ffa4: 00000000 00000000 00000000 00000000 ................
0x0749ffb4: 00000000 00000000 00000000 00000000 ................
0x0749ffc4: 00000000 00000000 00000000 00000000 ................
0x0749ffd4: 00000000 00000000 00000000 00000000 ................
0x0749ffe4: 00000000 00000000 00000000 00000000 ................
0x0749fff4: 00000000 00000000 00000000          ............

Module 1
C:\WINDOWS\SYSTEM32\xinput1_3.dll
Image Base: 0x00400000  Image Size: 0x00016000
File Size:  81768       File Time:  2007-04-04_185342
Version:
   Company:    Microsoft Corporation
   Product:    Microsoft® DirectX for Windows®
   FileDesc:   Microsoft Common Controller API
   FileVer:    9.18.944.0
   ProdVer:    9.18.944.0

Module 2
C:\Users\Robert\_KEEP\Personal\Game Dev\ZingCard\ZingCardUnity\VsAI2.exe
Image Base: 0x008d0000  Image Size: 0x010d0000
File Size:  16815104    File Time:  2016-05-08_135626
Version:
   Company:    
   Product:    
   FileDesc:   
   FileVer:    5.3.5.3775
   ProdVer:    5.3.5.3775

Module 3
C:\Users\Robert\_KEEP\Personal\Game Dev\ZingCard\ZingCardUnity\VsAI2_Data\Mono\mono.dll
Image Base: 0x10000000  Image Size: 0x00230000
File Size:  2114008     File Time:  2016-05-08_135948
Version:
   Company:    Unity Technologies
   Product:    libmono
   FileDesc:   Unity Technologies fork of mono runtime
   FileVer:    1.0.0.1
   ProdVer:    1.0.0.1

Module 4
C:\WINDOWS\SYSTEM32\dsound.dll
Image Base: 0x599b0000  Image Size: 0x00086000
File Size:  527360      File Time:  2015-10-30_031830
Version:
   Company:    Microsoft Corporation
   Product:    Microsoft® Windows® Operating System
   FileDesc:   DirectSound
   FileVer:    10.0.10586.0
   ProdVer:    10.0.10586.0

Module 5
C:\WINDOWS\SYSTEM32\msacm32.drv
Image Base: 0x59a40000  Image Size: 0x00009000
File Size:  24064       File Time:  2015-10-30_031830
Version:
   Company:    Microsoft Corporation
   Product:    Microsoft® Windows® Operating System
   FileDesc:   Microsoft Sound Mapper
   FileVer:    10.0.10586.0
   ProdVer:    10.0.10586.0

Module 6
C:\WINDOWS\SYSTEM32\wdmaud.drv
Image Base: 0x59a50000  Image Size: 0x00038000
File Size:  205824      File Time:  2015-10-30_031830
Version:
   Company:    Microsoft Corporation
   Product:    Microsoft® Windows® Operating System
   FileDesc:   Winmm  audio system driver
   FileVer:    10.0.10586.0
   ProdVer:    10.0.10586.0

Module 7
C:\WINDOWS\SYSTEM32\MSVCP120.dll
Image Base: 0x5db20000  Image Size: 0x00071000
File Size:  455328      File Time:  2013-10-05_023822
Version:
   Company:    Microsoft Corporation
   Product:    Microsoft® Visual Studio® 2013
   FileDesc:   Microsoft® C Runtime Library
   FileVer:    12.0.21005.1
   ProdVer:    12.0.21005.1

Module 8
C:\WINDOWS\SYSTEM32\MSVCR120.dll
Image Base: 0x5dba0000  Image Size: 0x000ee000
File Size:  970912      File Time:  2013-10-05_023822
Version:
   Company:    Microsoft Corporation
   Product:    Microsoft® Visual Studio® 2013
   FileDesc:   Microsoft® C Runtime Library
   FileVer:    12.0.21005.1
   ProdVer:    12.0.21005.1

Module 9
C:\WINDOWS\SYSTEM32\ksuser.dll
Image Base: 0x5dfc0000  Image Size: 0x00007000
File Size:  19648       File Time:  2015-10-30_031830
Version:
   Company:    Microsoft Corporation
   Product:    Microsoft® Windows® Operating System
   FileDesc:   User CSA Library
   FileVer:    10.0.10586.0
   ProdVer:    10.0.10586.0

Module 10
C:\WINDOWS\SYSTEM32\AUDIOSES.DLL
Image Base: 0x5e410000  Image Size: 0x00068000
File Size:  405568      File Time:  2016-01-16_022000
Version:
   Company:    Microsoft Corporation
   Product:    Microsoft® Windows® Operating System
   FileDesc:   Audio Session
   FileVer:    10.0.10586.71
   ProdVer:    10.0.10586.71

Module 11
C:\WINDOWS\SYSTEM32\MMDevAPI.DLL
Image Base: 0x5e4a0000  Image Size: 0x00055000
File Size:  339344      File Time:  2015-10-30_031830
Version:
   Company:    Microsoft Corporation
   Product:    Microsoft® Windows® Operating System
   FileDesc:   MMDevice API
   FileVer:    10.0.10586.0
   ProdVer:    10.0.10586.0

Module 12
C:\WINDOWS\SYSTEM32\MSACM32.dll
Image Base: 0x61820000  Image Size: 0x00018000
File Size:  90912       File Time:  2015-10-30_031830
Version:
   Company:    Microsoft Corporation
   Product:    Microsoft® Windows® Operating System
   FileDesc:   Microsoft ACM Audio Filter
   FileVer:    10.0.10586.0
   ProdVer:    10.0.10586.0

Module 13
C:\WINDOWS\SYSTEM32\GLU32.dll
Image Base: 0x61840000  Image Size: 0x00025000
File Size:  141312      File Time:  2015-10-30_031840
Version:
   Company:    Microsoft Corporation
   Product:    Microsoft® Windows® Operating System
   FileDesc:   OpenGL Utility Library DLL
   FileVer:    10.0.10586.0
   ProdVer:    10.0.10586.0

Module 14
C:\WINDOWS\SYSTEM32\OPENGL32.dll
Image Base: 0x620f0000  Image Size: 0x000e0000
File Size:  787456      File Time:  2015-10-30_031840
Version:
   Company:    Microsoft Corporation
   Product:    Microsoft® Windows® Operating System
   FileDesc:   OpenGL Client DLL
   FileVer:    10.0.10586.0
   ProdVer:    10.0.10586.0

Module 15
C:\WINDOWS\SYSTEM32\DDRAW.dll
Image Base: 0x653b0000  Image Size: 0x000ee000
File Size:  551424      File Time:  2015-10-30_031840
Version:
   Company:    Microsoft Corporation
   Product:    Microsoft® Windows® Operating System
   FileDesc:   Microsoft DirectDraw
   FileVer:    10.0.10586.0
   ProdVer:    10.0.10586.0

Module 16
C:\WINDOWS\SYSTEM32\DbgHelp.dll
Image Base: 0x654d0000  Image Size: 0x0013f000
File Size:  1196544     File Time:  2015-10-30_031840
Version:
   Company:    Microsoft Corporation
   Product:    Microsoft® Windows® Operating System
   FileDesc:   Windows Image Helper
   FileVer:    10.0.10586.0
   ProdVer:    10.0.10586.0

Module 17
C:\WINDOWS\SYSTEM32\twinapi.dll
Image Base: 0x65dd0000  Image Size: 0x00093000
File Size:  581632      File Time:  2016-06-30_231924
Version:
   Company:    Microsoft Corporation
   Product:    Microsoft® Windows® Operating System
   FileDesc:   twinapi
   FileVer:    10.0.10586.494
   ProdVer:    10.0.10586.494

Module 18
C:\Windows\SYSTEM32\uiautomationcore.dll
Image Base: 0x66630000  Image Size: 0x0011c000
File Size:  1139712     File Time:  2016-03-29_023032
Version:
   Company:    Microsoft Corporation
   Product:    Microsoft® Windows® Operating System
   FileDesc:   Microsoft UI Automation Core
   FileVer:    7.2.10586.212
   ProdVer:    10.0.10586.212

Module 19
C:\WINDOWS\system32\nvspcap.dll
Image Base: 0x66cb0000  Image Size: 0x00151000
File Size:  1377800     File Time:  2016-06-14_160128
Version:
   Company:    NVIDIA Corporation
   Product:    NVIDIA GeForce Experience
   FileDesc:   NVIDIA Capture Server Proxy
   FileVer:    2.11.4.0
   ProdVer:    2.11.4.0

Module 20
C:\WINDOWS\SYSTEM32\nvwgf2um.dll
Image Base: 0x66e10000  Image Size: 0x010e6000
File Size:  17764408    File Time:  2016-07-10_223414
Version:
   Company:    NVIDIA Corporation
   Product:    NVIDIA D3D10 drivers
   FileDesc:   NVIDIA D3D10 Driver, Version 368.81 
   FileVer:    10.18.13.6881
   ProdVer:    10.18.13.6881

Module 21
C:\WINDOWS\SYSTEM32\d3d11.dll
Image Base: 0x68120000  Image Size: 0x0021a000
File Size:  2186864     File Time:  2016-07-01_001204
Version:
   Company:    Microsoft Corporation
   Product:    Microsoft® Windows® Operating System
   FileDesc:   Direct3D 11 Runtime
   FileVer:    10.0.10586.494
   ProdVer:    10.0.10586.494

Module 22
C:\Program Files\Oculus\Support\oculus-runtime\LibOVRRT32_1.dll
Image Base: 0x6b590000  Image Size: 0x0012c000
File Size:  1023952     File Time:  2016-07-13_202136
Version:
   Company:    Oculus VR
   Product:    LibOVRRT
   FileDesc:   250620-public TCID:1229162
   FileVer:    1.6.0.0
   ProdVer:    1.6.0.0

Module 23
C:\Users\Robert\_KEEP\Personal\Game Dev\ZingCard\ZingCardUnity\VsAI2_Data\Plugins\OVRPlugin.dll
Image Base: 0x6b6c0000  Image Size: 0x0004e000
File Size:  309672      File Time:  2016-05-08_133952
Version:
   Company:    Oculus VR
   Product:    OVRPlugin
   FileDesc:   Oculus VR Plugin
   FileVer:    1.3.2.0
   ProdVer:    1.3.2.0

Module 24
C:\WINDOWS\SYSTEM32\PROPSYS.dll
Image Base: 0x6b9d0000  Image Size: 0x0014b000
File Size:  1355336     File Time:  2016-07-01_001948
Version:
   Company:    Microsoft Corporation
   Product:    Windows® Search
   FileDesc:   Microsoft Property System
   FileVer:    7.0.10586.494
   ProdVer:    7.0.10586.494

Module 25
C:\WINDOWS\SYSTEM32\dxgi.dll
Image Base: 0x6bb70000  Image Size: 0x00082000
File Size:  521152      File Time:  2016-07-01_001146
Version:
   Company:    Microsoft Corporation
   Product:    Microsoft® Windows® Operating System
   FileDesc:   DirectX Graphics Infrastructure
   FileVer:    10.0.10586.494
   ProdVer:    10.0.10586.494

Module 26
C:\WINDOWS\system32\nvapi.dll
Image Base: 0x6bc00000  Image Size: 0x0036b000
File Size:  3382240     File Time:  2016-07-10_223414
Version:
   Company:    NVIDIA Corporation
   Product:    NVIDIA Windows drivers
   FileDesc:   NVIDIA NVAPI Library, Version 368.81 
   FileVer:    10.18.13.6881
   ProdVer:    10.18.13.6881

Module 27
C:\WINDOWS\SYSTEM32\DCIMAN32.dll
Image Base: 0x6bf70000  Image Size: 0x00007000
File Size:  11776       File Time:  2016-01-23_233752
Version:
   Company:    Microsoft Corporation
   Product:    Microsoft® Windows® Operating System
   FileDesc:   DCI Manager
   FileVer:    10.0.10586.3
   ProdVer:    10.0.10586.3

Module 28
C:\WINDOWS\SYSTEM32\AVRT.dll
Image Base: 0x6c5f0000  Image Size: 0x00009000
File Size:  28416       File Time:  2015-10-30_031830
Version:
   Company:    Microsoft Corporation
   Product:    Microsoft® Windows® Operating System
   FileDesc:   Multimedia Realtime Runtime
   FileVer:    10.0.10586.0
   ProdVer:    10.0.10586.0

Module 29
C:\Program Files (x86)\Common Files\Microsoft Shared\Ink\tiptsf.dll
Image Base: 0x6c640000  Image Size: 0x0007d000
File Size:  492544      File Time:  2016-06-30_232616
Version:
   Company:    Microsoft Corporation
   Product:    Microsoft® Windows® Operating System
   FileDesc:   Touch Keyboard and Handwriting Panel Text Services Framework
   FileVer:    10.0.10586.494
   ProdVer:    10.0.10586.494

Module 30
C:\WINDOWS\SYSTEM32\edputil.dll
Image Base: 0x6c6c0000  Image Size: 0x00049000
File Size:  279040      File Time:  2016-06-30_232828
Version:
   Company:    Microsoft Corporation
   Product:    Microsoft® Windows® Operating System
   FileDesc:   EDP util
   FileVer:    10.0.10586.494
   ProdVer:    10.0.10586.494

Module 31
C:\WINDOWS\SYSTEM32\wintypes.dll
Image Base: 0x6c710000  Image Size: 0x000c8000
File Size:  820704      File Time:  2016-01-27_015750
Version:
   Company:    Microsoft Corporation
   Product:    Microsoft® Windows® Operating System
   FileDesc:   Windows Base Types DLL
   FileVer:    10.0.10586.103
   ProdVer:    10.0.10586.103

Module 32
C:\WINDOWS\SYSTEM32\efswrt.dll
Image Base: 0x6c7e0000  Image Size: 0x00071000
File Size:  442880      File Time:  2016-06-30_232842
Version:
   Company:    Microsoft Corporation
   Product:    Microsoft® Windows® Operating System
   FileDesc:   Storage Protection Windows Runtime DLL
   FileVer:    10.0.10586.494
   ProdVer:    10.0.10586.494

Module 33
C:\Users\Robert\_KEEP\Personal\Game Dev\ZingCard\ZingCardUnity\VsAI2_Data\Plugins\OVRGamepad.dll
Image Base: 0x6cda0000  Image Size: 0x0001f000
File Size:  101376      File Time:  2016-06-13_143136
Version:
   Company:    
   Product:    
   FileDesc:   
   FileVer:    0.0.0.0
   ProdVer:    0.0.0.0

Module 34
C:\WINDOWS\SYSTEM32\Xinput9_1_0.dll
Image Base: 0x6cf60000  Image Size: 0x00007000
File Size:  9216        File Time:  2015-10-30_031840
Version:
   Company:    Microsoft Corporation
   Product:    Microsoft® Windows® Operating System
   FileDesc:   XNA Common Controller
   FileVer:    10.0.10586.0
   ProdVer:    10.0.10586.0

Module 35
C:\WINDOWS\SYSTEM32\twinapi.appcore.dll
Image Base: 0x6cff0000  Image Size: 0x000ce000
File Size:  836760      File Time:  2016-07-01_001946
Version:
   Company:    Microsoft Corporation
   Product:    Microsoft® Windows® Operating System
   FileDesc:   twinapi.appcore
   FileVer:    10.0.10586.494
   ProdVer:    10.0.10586.494

Module 36
C:\WINDOWS\SYSTEM32\gpapi.dll
Image Base: 0x6d190000  Image Size: 0x0001f000
File Size:  111608      File Time:  2015-10-30_031828
Version:
   Company:    Microsoft Corporation
   Product:    Microsoft® Windows® Operating System
   FileDesc:   Group Policy Client API
   FileVer:    10.0.10586.0
   ProdVer:    10.0.10586.0

Module 37
C:\WINDOWS\SYSTEM32\sxs.dll
Image Base: 0x6dc10000  Image Size: 0x00081000
File Size:  521704      File Time:  2015-10-30_031824
Version:
   Company:    Microsoft Corporation
   Product:    Microsoft® Windows® Operating System
   FileDesc:   Fusion 2.5
   FileVer:    10.0.10586.0
   ProdVer:    10.0.10586.0

Module 38
C:\WINDOWS\SYSTEM32\CRYPTSP.dll
Image Base: 0x70bf0000  Image Size: 0x00013000
File Size:  69232       File Time:  2015-10-30_031828
Version:
   Company:    Microsoft Corporation
   Product:    Microsoft® Windows® Operating System
   FileDesc:   Cryptographic Service Provider API
   FileVer:    10.0.10586.0
   ProdVer:    10.0.10586.0

Module 39
C:\WINDOWS\system32\rsaenh.dll
Image Base: 0x71d90000  Image Size: 0x0002f000
File Size:  183904      File Time:  2016-04-23_010740
Version:
   Company:    Microsoft Corporation
   Product:    Microsoft® Windows® Operating System
   FileDesc:   Microsoft Enhanced Cryptographic Provider
   FileVer:    10.0.10586.306
   ProdVer:    10.0.10586.306

Module 40
C:\WINDOWS\system32\uxtheme.dll
Image Base: 0x71e70000  Image Size: 0x00075000
File Size:  458752      File Time:  2015-10-30_031838
Version:
   Company:    Microsoft Corporation
   Product:    Microsoft® Windows® Operating System
   FileDesc:   Microsoft UxTheme Library
   FileVer:    10.0.10586.0
   ProdVer:    10.0.10586.0

Module 41
C:\WINDOWS\system32\dwmapi.dll
Image Base: 0x722b0000  Image Size: 0x0001d000
File Size:  94208       File Time:  2015-10-30_031830
Version:
   Company:    Microsoft Corporation
   Product:    Microsoft® Windows® Operating System
   FileDesc:   Microsoft Desktop Window Manager API
   FileVer:    10.0.10586.0
   ProdVer:    10.0.10586.0

Module 42
C:\WINDOWS\SYSTEM32\HID.DLL
Image Base: 0x72440000  Image Size: 0x0000a000
File Size:  25088       File Time:  2015-10-30_031826
Version:
   Company:    Microsoft Corporation
   Product:    Microsoft® Windows® Operating System
   FileDesc:   Hid User Library
   FileVer:    10.0.10586.0
   ProdVer:    10.0.10586.0

Module 43
C:\WINDOWS\SYSTEM32\DNSAPI.dll
Image Base: 0x72ee0000  Image Size: 0x00084000
File Size:  535080      File Time:  2016-03-29_052856
Version:
   Company:    Microsoft Corporation
   Product:    Microsoft® Windows® Operating System
   FileDesc:   DNS Client API DLL
   FileVer:    10.0.10586.212
   ProdVer:    10.0.10586.212

Module 44
C:\WINDOWS\SYSTEM32\MSWSOCK.dll
Image Base: 0x73c70000  Image Size: 0x0004f000
File Size:  312160      File Time:  2016-05-28_012330
Version:
   Company:    Microsoft Corporation
   Product:    Microsoft® Windows® Operating System
   FileDesc:   Microsoft Windows Sockets 2.0 Service Provider
   FileVer:    10.0.10586.420
   ProdVer:    10.0.10586.420

Module 45
C:\WINDOWS\SYSTEM32\WINMMBASE.dll
Image Base: 0x73d40000  Image Size: 0x00023000
File Size:  132744      File Time:  2015-10-30_031830
Version:
   Company:    Microsoft Corporation
   Product:    Microsoft® Windows® Operating System
   FileDesc:   Base Multimedia Extension API DLL
   FileVer:    10.0.10586.0
   ProdVer:    10.0.10586.0

Module 46
C:\WINDOWS\SYSTEM32\IPHLPAPI.DLL
Image Base: 0x73d70000  Image Size: 0x0002f000
File Size:  187488      File Time:  2015-10-30_031832
Version:
   Company:    Microsoft Corporation
   Product:    Microsoft® Windows® Operating System
   FileDesc:   IP Helper API
   FileVer:    10.0.10586.0
   ProdVer:    10.0.10586.0

Module 47
C:\WINDOWS\SYSTEM32\WINHTTP.dll
Image Base: 0x73e40000  Image Size: 0x0009b000
File Size:  614400      File Time:  2016-05-28_001240
Version:
   Company:    Microsoft Corporation
   Product:    Microsoft® Windows® Operating System
   FileDesc:   Windows HTTP Services
   FileVer:    10.0.10586.420
   ProdVer:    10.0.10586.420

Module 48
C:\WINDOWS\SYSTEM32\WINMM.dll
Image Base: 0x73ee0000  Image Size: 0x00024000
File Size:  134352      File Time:  2015-10-30_031830
Version:
   Company:    Microsoft Corporation
   Product:    Microsoft® Windows® Operating System
   FileDesc:   MCI API DLL
   FileVer:    10.0.10586.0
   ProdVer:    10.0.10586.0

Module 49
C:\Windows\SYSTEM32\USERENV.dll
Image Base: 0x73f10000  Image Size: 0x00019000
File Size:  92480       File Time:  2015-10-30_031826
Version:
   Company:    Microsoft Corporation
   Product:    Microsoft® Windows® Operating System
   FileDesc:   Userenv
   FileVer:    10.0.10586.0
   ProdVer:    10.0.10586.0

Module 50
C:\WINDOWS\WinSxS\x86_microsoft.windows.common-controls_6595b64144ccf1df_6.0.10586.494_none_ea85e725b9ba5a4b\comctl32.dll
Image Base: 0x73f50000  Image Size: 0x0020f000
File Size:  2142048     File Time:  2016-07-01_002002
Version:
   Company:    Microsoft Corporation
   Product:    Microsoft® Windows® Operating System
   FileDesc:   User Experience Controls Library
   FileVer:    6.10.10586.494
   ProdVer:    10.0.10586.494

Module 51
C:\Windows\SYSTEM32\OLEACC.dll
Image Base: 0x74210000  Image Size: 0x00054000
File Size:  323072      File Time:  2016-03-29_025332
Version:
   Company:    Microsoft Corporation
   Product:    Microsoft® Windows® Operating System
   FileDesc:   Active Accessibility Core Component
   FileVer:    7.2.10586.212
   ProdVer:    10.0.10586.212

Module 52
C:\WINDOWS\SYSTEM32\DEVOBJ.dll
Image Base: 0x743d0000  Image Size: 0x00022000
File Size:  129160      File Time:  2015-10-30_031824
Version:
   Company:    Microsoft Corporation
   Product:    Microsoft® Windows® Operating System
   FileDesc:   Device Information Set DLL
   FileVer:    10.0.10586.0
   ProdVer:    10.0.10586.0

Module 53
C:\WINDOWS\SYSTEM32\ntmarta.dll
Image Base: 0x74400000  Image Size: 0x00028000
File Size:  150840      File Time:  2015-10-30_031828
Version:
   Company:    Microsoft Corporation
   Product:    Microsoft® Windows® Operating System
   FileDesc:   Windows NT MARTA provider
   FileVer:    10.0.10586.0
   ProdVer:    10.0.10586.0

Module 54
C:\WINDOWS\SYSTEM32\bcrypt.dll
Image Base: 0x74430000  Image Size: 0x0001b000
File Size:  107408      File Time:  2015-10-30_031828
Version:
   Company:    Microsoft Corporation
   Product:    Microsoft® Windows® Operating System
   FileDesc:   Windows Cryptographic Primitives Library
   FileVer:    10.0.10586.0
   ProdVer:    10.0.10586.0

Module 55
C:\WINDOWS\SYSTEM32\VERSION.dll
Image Base: 0x744c0000  Image Size: 0x00008000
File Size:  27360       File Time:  2015-10-30_031838
Version:
   Company:    Microsoft Corporation
   Product:    Microsoft® Windows® Operating System
   FileDesc:   Version Checking and File Installation Libraries
   FileVer:    10.0.10586.0
   ProdVer:    10.0.10586.0

Module 56
C:\WINDOWS\SYSTEM32\CRYPTBASE.dll
Image Base: 0x744d0000  Image Size: 0x0000a000
File Size:  31528       File Time:  2015-10-30_031832
Version:
   Company:    Microsoft Corporation
   Product:    Microsoft® Windows® Operating System
   FileDesc:   Base cryptographic API DLL
   FileVer:    10.0.10586.0
   ProdVer:    10.0.10586.0

Module 57
C:\WINDOWS\SYSTEM32\SspiCli.dll
Image Base: 0x744e0000  Image Size: 0x0001e000
File Size:  116216      File Time:  2015-10-30_031832
Version:
   Company:    Microsoft Corporation
   Product:    Microsoft® Windows® Operating System
   FileDesc:   Security Support Provider Interface
   FileVer:    10.0.10586.0
   ProdVer:    10.0.10586.0

Module 58
C:\WINDOWS\SYSTEM32\KERNELBASE.dll
Image Base: 0x74500000  Image Size: 0x0017e000
File Size:  1557776     File Time:  2016-07-01_003910
Version:
   Company:    Microsoft Corporation
   Product:    Microsoft® Windows® Operating System
   FileDesc:   Windows NT BASE API Client DLL
   FileVer:    10.0.10586.494
   ProdVer:    10.0.10586.494

Module 59
C:\WINDOWS\SYSTEM32\CRYPT32.dll
Image Base: 0x74680000  Image Size: 0x00179000
File Size:  1536600     File Time:  2016-07-01_001800
Version:
   Company:    Microsoft Corporation
   Product:    Microsoft® Windows® Operating System
   FileDesc:   Crypto API32
   FileVer:    10.0.10586.494
   ProdVer:    10.0.10586.494

Module 60
C:\WINDOWS\SYSTEM32\powrprof.dll
Image Base: 0x74800000  Image Size: 0x00044000
File Size:  270672      File Time:  2015-10-30_031826
Version:
   Company:    Microsoft Corporation
   Product:    Microsoft® Windows® Operating System
   FileDesc:   Power Profile Helper DLL
   FileVer:    10.0.10586.0
   ProdVer:    10.0.10586.0

Module 61
C:\WINDOWS\SYSTEM32\ole32.dll
Image Base: 0x74850000  Image Size: 0x000eb000
File Size:  957608      File Time:  2016-07-01_002126
Version:
   Company:    Microsoft Corporation
   Product:    Microsoft® Windows® Operating System
   FileDesc:   Microsoft OLE for Windows
   FileVer:    10.0.10586.494
   ProdVer:    10.0.10586.494

Module 62
C:\WINDOWS\SYSTEM32\RPCRT4.dll
Image Base: 0x74ab0000  Image Size: 0x000ad000
File Size:  707608      File Time:  2016-04-23_012614
Version:
   Company:    Microsoft Corporation
   Product:    Microsoft® Windows® Operating System
   FileDesc:   Remote Procedure Call Runtime
   FileVer:    10.0.10586.306
   ProdVer:    10.0.10586.306

Module 63
C:\WINDOWS\SYSTEM32\sechost.dll
Image Base: 0x74b60000  Image Size: 0x00044000
File Size:  269616      File Time:  2015-10-30_031832
Version:
   Company:    Microsoft Corporation
   Product:    Microsoft® Windows® Operating System
   FileDesc:   Host for SCM/SDDL/LSA Lookup APIs
   FileVer:    10.0.10586.0
   ProdVer:    10.0.10586.0

Module 64
C:\WINDOWS\SYSTEM32\SHELL32.dll
Image Base: 0x74bb0000  Image Size: 0x013fe000
File Size:  21123320    File Time:  2016-07-01_002026
Version:
   Company:    Microsoft Corporation
   Product:    Microsoft® Windows® Operating System
   FileDesc:   Windows Shell Common Dll
   FileVer:    10.0.10586.494
   ProdVer:    10.0.10586.494

Module 65
C:\WINDOWS\SYSTEM32\SETUPAPI.dll
Image Base: 0x75fb0000  Image Size: 0x0040b000
File Size:  4268880     File Time:  2016-05-28_012544
Version:
   Company:    Microsoft Corporation
   Product:    Microsoft® Windows® Operating System
   FileDesc:   Windows Setup API
   FileVer:    10.0.10586.420
   ProdVer:    10.0.10586.420

Module 66
C:\WINDOWS\SYSTEM32\combase.dll
Image Base: 0x763c0000  Image Size: 0x001bd000
File Size:  1824264     File Time:  2016-01-27_015736
Version:
   Company:    Microsoft Corporation
   Product:    Microsoft® Windows® Operating System
   FileDesc:   Microsoft COM for Windows
   FileVer:    10.0.10586.103
   ProdVer:    10.0.10586.103

Module 67
C:\WINDOWS\SYSTEM32\NSI.dll
Image Base: 0x76680000  Image Size: 0x00007000
File Size:  20152       File Time:  2015-10-30_031804
Version:
   Company:    Microsoft Corporation
   Product:    Microsoft® Windows® Operating System
   FileDesc:   NSI User-mode interface DLL
   FileVer:    10.0.10586.0
   ProdVer:    10.0.10586.0

Module 68
C:\WINDOWS\SYSTEM32\cfgmgr32.dll
Image Base: 0x766b0000  Image Size: 0x00037000
File Size:  217976      File Time:  2015-10-30_031824
Version:
   Company:    Microsoft Corporation
   Product:    Microsoft® Windows® Operating System
   FileDesc:   Configuration Manager DLL
   FileVer:    10.0.10586.0
   ProdVer:    10.0.10586.0

Module 69
C:\WINDOWS\SYSTEM32\wintrust.DLL
Image Base: 0x766f0000  Image Size: 0x00042000
File Size:  268040      File Time:  2015-10-30_031828
Version:
   Company:    Microsoft Corporation
   Product:    Microsoft® Windows® Operating System
   FileDesc:   Microsoft Trust Verification APIs
   FileVer:    10.0.10586.0
   ProdVer:    10.0.10586.0

Module 70
C:\WINDOWS\SYSTEM32\IMM32.dll
Image Base: 0x76740000  Image Size: 0x0002b000
File Size:  169928      File Time:  2015-10-30_031830
Version:
   Company:    Microsoft Corporation
   Product:    Microsoft® Windows® Operating System
   FileDesc:   Multi-User Windows IMM32 API Client DLL
   FileVer:    10.0.10586.0
   ProdVer:    10.0.10586.0

Module 71
C:\WINDOWS\SYSTEM32\bcryptPrimitives.dll
Image Base: 0x767d0000  Image Size: 0x00058000
File Size:  360480      File Time:  2016-05-28_010438
Version:
   Company:    Microsoft Corporation
   Product:    Microsoft® Windows® Operating System
   FileDesc:   Windows Cryptographic Primitives Library
   FileVer:    10.0.10586.420
   ProdVer:    10.0.10586.420

Module 72
C:\WINDOWS\SYSTEM32\clbcatq.dll
Image Base: 0x76890000  Image Size: 0x00084000
File Size:  526304      File Time:  2015-10-30_031826
Version:
   Company:    Microsoft Corporation
   Product:    Microsoft® Windows® Operating System
   FileDesc:   COM+ Configuration Catalog
   FileVer:    2001.12.10941.16384
   ProdVer:    10.0.10586.0

Module 73
C:\WINDOWS\SYSTEM32\GDI32.dll
Image Base: 0x76920000  Image Size: 0x0014f000
File Size:  1372312     File Time:  2016-05-28_005706
Version:
   Company:    Microsoft Corporation
   Product:    Microsoft® Windows® Operating System
   FileDesc:   GDI Client DLL
   FileVer:    10.0.10586.420
   ProdVer:    10.0.10586.420

Module 74
C:\WINDOWS\SYSTEM32\ADVAPI32.dll
Image Base: 0x76a70000  Image Size: 0x0007b000
File Size:  499432      File Time:  2016-01-04_224824
Version:
   Company:    Microsoft Corporation
   Product:    Microsoft® Windows® Operating System
   FileDesc:   Advanced Windows 32 Base API
   FileVer:    10.0.10586.63
   ProdVer:    10.0.10586.63

Module 75
C:\WINDOWS\SYSTEM32\USER32.dll
Image Base: 0x76af0000  Image Size: 0x00147000
File Size:  1337240     File Time:  2016-04-23_010036
Version:
   Company:    Microsoft Corporation
   Product:    Microsoft® Windows® Operating System
   FileDesc:   Multi-User Windows USER API Client DLL
   FileVer:    10.0.10586.306
   ProdVer:    10.0.10586.306

Module 76
C:\WINDOWS\SYSTEM32\WS2_32.dll
Image Base: 0x76c40000  Image Size: 0x0005f000
File Size:  388384      File Time:  2016-05-28_012330
Version:
   Company:    Microsoft Corporation
   Product:    Microsoft® Windows® Operating System
   FileDesc:   Windows Socket 2.0 32-Bit DLL
   FileVer:    10.0.10586.420
   ProdVer:    10.0.10586.420

Module 77
C:\WINDOWS\SYSTEM32\kernel.appcore.dll
Image Base: 0x76d00000  Image Size: 0x0000c000
File Size:  39792       File Time:  2015-10-30_031824
Version:
   Company:    Microsoft Corporation
   Product:    Microsoft® Windows® Operating System
   FileDesc:   AppModel API Host
   FileVer:    10.0.10586.0
   ProdVer:    10.0.10586.0

Module 78
C:\WINDOWS\SYSTEM32\shcore.dll
Image Base: 0x76d10000  Image Size: 0x0008d000
File Size:  569752      File Time:  2016-07-01_001946
Version:
   Company:    Microsoft Corporation
   Product:    Microsoft® Windows® Operating System
   FileDesc:   SHCORE
   FileVer:    10.0.10586.494
   ProdVer:    10.0.10586.494

Module 79
C:\WINDOWS\SYSTEM32\MSCTF.dll
Image Base: 0x76da0000  Image Size: 0x0011f000
File Size:  1174008     File Time:  2016-01-16_020808
Version:
   Company:    Microsoft Corporation
   Product:    Microsoft® Windows® Operating System
   FileDesc:   MSCTF Server DLL
   FileVer:    10.0.10586.71
   ProdVer:    10.0.10586.71

Module 80
C:\WINDOWS\SYSTEM32\PSAPI.DLL
Image Base: 0x76ec0000  Image Size: 0x00006000
File Size:  17048       File Time:  2015-10-30_031824
Version:
   Company:    Microsoft Corporation
   Product:    Microsoft® Windows® Operating System
   FileDesc:   Process Status Helper
   FileVer:    10.0.10586.0
   ProdVer:    10.0.10586.0

Module 81
C:\WINDOWS\SYSTEM32\imagehlp.dll
Image Base: 0x76ed0000  Image Size: 0x0001b000
File Size:  99176       File Time:  2015-10-30_031804
Version:
   Company:    Microsoft Corporation
   Product:    Microsoft® Windows® Operating System
   FileDesc:   Windows NT Image Helper
   FileVer:    10.0.10586.0
   ProdVer:    10.0.10586.0

Module 82
C:\WINDOWS\SYSTEM32\MSASN1.dll
Image Base: 0x76ef0000  Image Size: 0x0000e000
File Size:  49592       File Time:  2015-10-30_031828
Version:
   Company:    Microsoft Corporation
   Product:    Microsoft® Windows® Operating System
   FileDesc:   ASN.1 Runtime APIs
   FileVer:    10.0.10586.0
   ProdVer:    10.0.10586.0

Module 83
C:\WINDOWS\SYSTEM32\msvcrt.dll
Image Base: 0x76f00000  Image Size: 0x000be000
File Size:  773168      File Time:  2015-10-30_031832
Version:
   Company:    Microsoft Corporation
   Product:    Microsoft® Windows® Operating System
   FileDesc:   Windows NT CRT DLL
   FileVer:    7.0.10586.0
   ProdVer:    10.0.10586.0

Module 84
C:\WINDOWS\SYSTEM32\windows.storage.dll
Image Base: 0x76fc0000  Image Size: 0x004fa000
File Size:  5240960     File Time:  2016-07-01_001948
Version:
   Company:    Microsoft Corporation
   Product:    Microsoft® Windows® Operating System
   FileDesc:   Microsoft WinRT Storage API
   FileVer:    10.0.10586.494
   ProdVer:    10.0.10586.494

Module 85
C:\WINDOWS\SYSTEM32\SHLWAPI.dll
Image Base: 0x775c0000  Image Size: 0x00045000
File Size:  276336      File Time:  2015-10-30_031838
Version:
   Company:    Microsoft Corporation
   Product:    Microsoft® Windows® Operating System
   FileDesc:   Shell Light-weight Utility Library
   FileVer:    10.0.10586.0
   ProdVer:    10.0.10586.0

Module 86
C:\WINDOWS\SYSTEM32\OLEAUT32.dll
Image Base: 0x77610000  Image Size: 0x00092000
File Size:  589856      File Time:  2015-10-30_031832
Version:
   Company:    Microsoft Corporation
   Product:    
   FileDesc:   
   FileVer:    10.0.10586.0
   ProdVer:    10.0.10586.0

Module 87
C:\WINDOWS\SYSTEM32\KERNEL32.DLL
Image Base: 0x776c0000  Image Size: 0x000e0000
File Size:  620176      File Time:  2015-10-30_031824
Version:
   Company:    Microsoft Corporation
   Product:    Microsoft® Windows® Operating System
   FileDesc:   Windows NT BASE API Client DLL
   FileVer:    10.0.10586.0
   ProdVer:    10.0.10586.0

Module 88
C:\WINDOWS\SYSTEM32\profapi.dll
Image Base: 0x777a0000  Image Size: 0x0000f000
File Size:  54752       File Time:  2015-10-30_031832
Version:
   Company:    Microsoft Corporation
   Product:    Microsoft® Windows® Operating System
   FileDesc:   User Profile Basic API
   FileVer:    10.0.10586.0
   ProdVer:    10.0.10586.0

Module 89
C:\WINDOWS\SYSTEM32\ntdll.dll
Image Base: 0x777b0000  Image Size: 0x0017b000
File Size:  1542816     File Time:  2016-04-23_012844
Version:
   Company:    Microsoft Corporation
   Product:    Microsoft® Windows® Operating System
   FileDesc:   NT Layer DLL
   FileVer:    10.0.10586.306
   ProdVer:    10.0.10586.306


== [end of error.log] ==
